{
  "RSpec": {
    "coverage": {
      "/home/priyanka/Downloads/Kiran/movie_ticket_booking_system/app/models/booking.rb": {
        "lines": [
          1,
          1,
          1,
          null,
          1,
          null
        ]
      },
      "/home/priyanka/Downloads/Kiran/movie_ticket_booking_system/spec/models/movie_spec.rb": {
        "lines": [
          1,
          null,
          1,
          10,
          null,
          1,
          1,
          null,
          null,
          1,
          1,
          1,
          null,
          null,
          1,
          1,
          1,
          null,
          null,
          1,
          1,
          1,
          null,
          null,
          1,
          1,
          1,
          null,
          null,
          1,
          1,
          1,
          null,
          null,
          1,
          1,
          1,
          null,
          null,
          1,
          1,
          1,
          null,
          null,
          1,
          1,
          1,
          null,
          null
        ]
      },
      "/home/priyanka/Downloads/Kiran/movie_ticket_booking_system/app/models/movie.rb": {
        "lines": [
          1,
          1,
          null,
          1,
          null,
          1,
          1,
          1,
          null
        ]
      },
      "/home/priyanka/Downloads/Kiran/movie_ticket_booking_system/spec/models/screen_spec.rb": {
        "lines": [
          1,
          null,
          1,
          3,
          null,
          1,
          1,
          null,
          null,
          1,
          1,
          1,
          null,
          null
        ]
      },
      "/home/priyanka/Downloads/Kiran/movie_ticket_booking_system/app/models/screen.rb": {
        "lines": [
          1,
          1,
          1,
          null,
          1,
          null
        ]
      },
      "/home/priyanka/Downloads/Kiran/movie_ticket_booking_system/spec/models/screening_detail_spec.rb": {
        "lines": [
          1,
          null,
          1,
          5,
          null,
          1,
          1,
          null,
          null,
          1,
          1,
          1,
          null,
          1,
          1,
          1,
          null,
          null,
          1,
          1,
          1,
          null,
          null
        ]
      },
      "/home/priyanka/Downloads/Kiran/movie_ticket_booking_system/app/models/screening_detail.rb": {
        "lines": [
          1,
          1,
          1,
          1,
          null,
          1,
          null
        ]
      },
      "/home/priyanka/Downloads/Kiran/movie_ticket_booking_system/spec/models/seat_template_spec.rb": {
        "lines": [
          1,
          null,
          1,
          4,
          null,
          1,
          1,
          null,
          null,
          1,
          1,
          1,
          null,
          null,
          1,
          1,
          1,
          null,
          null
        ]
      },
      "/home/priyanka/Downloads/Kiran/movie_ticket_booking_system/app/models/seat_template.rb": {
        "lines": [
          1,
          1,
          null,
          1,
          null
        ]
      },
      "/home/priyanka/Downloads/Kiran/movie_ticket_booking_system/spec/models/time_slot_spec.rb": {
        "lines": [
          1,
          null,
          1,
          5,
          null,
          1,
          1,
          null,
          null,
          1,
          1,
          1,
          null,
          null,
          1,
          1,
          1,
          null,
          null,
          1,
          1,
          1,
          1,
          null,
          null
        ]
      },
      "/home/priyanka/Downloads/Kiran/movie_ticket_booking_system/app/models/time_slot.rb": {
        "lines": [
          1,
          1,
          1,
          null,
          1,
          1,
          null,
          null,
          1,
          2,
          2,
          null,
          null,
          1,
          null,
          1,
          21,
          null,
          null
        ]
      },
      "/home/priyanka/Downloads/Kiran/movie_ticket_booking_system/spec/models/user_spec.rb": {
        "lines": [
          1,
          null,
          1,
          3,
          null,
          1,
          1,
          null,
          1,
          1,
          1,
          null,
          null
        ]
      },
      "/home/priyanka/Downloads/Kiran/movie_ticket_booking_system/spec/requests/bookings_request_spec.rb": {
        "lines": [
          null,
          1,
          1,
          null,
          1,
          null,
          1,
          1,
          null,
          null,
          1,
          null,
          null,
          null,
          1,
          5,
          null,
          null,
          1,
          1,
          null,
          1,
          null,
          1,
          1,
          1,
          null,
          null,
          1,
          1,
          1,
          null,
          1,
          null,
          1,
          null,
          1,
          1,
          null,
          1,
          1,
          1,
          null,
          null,
          1,
          1,
          1,
          null,
          1,
          null,
          1,
          null,
          1,
          null,
          1,
          null,
          1,
          1,
          null,
          1,
          null,
          null,
          1,
          1,
          1,
          null,
          1,
          null,
          1,
          null,
          1,
          null,
          1,
          null,
          1,
          1,
          null,
          1,
          null,
          null,
          1,
          1,
          1,
          null,
          1,
          null,
          1,
          null,
          1,
          null,
          1,
          null,
          1,
          1,
          null,
          1,
          null,
          null,
          null
        ]
      },
      "/home/priyanka/Downloads/Kiran/movie_ticket_booking_system/spec/devise_request_spec_helpers.rb": {
        "lines": [
          null,
          1,
          null,
          1,
          null,
          1,
          13,
          13,
          13,
          null,
          null,
          1,
          0,
          0,
          null,
          null,
          null
        ]
      },
      "/home/priyanka/Downloads/Kiran/movie_ticket_booking_system/spec/requests/landing_request_spec.rb": {
        "lines": [
          1,
          1,
          null,
          1,
          1,
          1,
          null,
          1,
          1,
          1,
          1,
          null,
          null,
          1,
          1,
          1,
          null,
          1,
          1,
          1,
          null,
          null,
          null
        ]
      },
      "/home/priyanka/Downloads/Kiran/movie_ticket_booking_system/spec/requests/movies_request_spec.rb": {
        "lines": [
          1,
          1,
          null,
          1,
          null,
          1,
          1,
          null,
          null,
          1,
          null,
          null,
          null,
          null,
          null,
          null,
          null,
          1,
          7,
          null,
          null,
          1,
          1,
          1,
          null,
          1,
          1,
          1,
          1,
          1,
          null,
          null,
          1,
          1,
          1,
          null,
          1,
          1,
          null,
          1,
          1,
          null,
          null,
          1,
          1,
          1,
          null,
          1,
          1,
          null,
          1,
          1,
          null,
          null,
          1,
          1,
          1,
          null,
          1,
          1,
          null,
          1,
          1,
          null,
          null,
          1,
          1,
          1,
          null,
          1,
          1,
          null,
          1,
          1,
          null,
          null,
          1,
          1,
          1,
          null,
          1,
          1,
          null,
          1,
          1,
          null,
          null,
          1,
          1,
          1,
          null,
          1,
          1,
          null,
          1,
          1,
          null,
          null,
          null
        ]
      },
      "/home/priyanka/Downloads/Kiran/movie_ticket_booking_system/spec/requests/reports_request_spec.rb": {
        "lines": [
          1,
          null,
          1,
          null,
          null
        ]
      },
      "/home/priyanka/Downloads/Kiran/movie_ticket_booking_system/spec/requests/user_dashboard_request_spec.rb": {
        "lines": [
          1,
          null,
          1,
          null,
          null
        ]
      },
      "/home/priyanka/Downloads/Kiran/movie_ticket_booking_system/spec/views/landing/home.html.erb_spec.rb": {
        "lines": [
          1,
          null,
          1,
          1,
          1,
          null,
          1,
          null,
          1,
          null,
          null
        ]
      },
      "/home/priyanka/Downloads/Kiran/movie_ticket_booking_system/app/controllers/bookings_controller.rb": {
        "lines": [
          1,
          1,
          null,
          1,
          5,
          5,
          4,
          4,
          4,
          null,
          null,
          4,
          null,
          1,
          1,
          null,
          null,
          null,
          1,
          4,
          4,
          4,
          null,
          null,
          null,
          null,
          null,
          null,
          4,
          1,
          null,
          3,
          3,
          null,
          null,
          null,
          1,
          1,
          1,
          1,
          1,
          1,
          1,
          null,
          null,
          1,
          0,
          0,
          0,
          null,
          null,
          1,
          4,
          null,
          null,
          1,
          1,
          null,
          null
        ]
      },
      "/home/priyanka/Downloads/Kiran/movie_ticket_booking_system/app/controllers/application_controller.rb": {
        "lines": [
          1,
          1,
          null
        ]
      },
      "/home/priyanka/Downloads/Kiran/movie_ticket_booking_system/app/controllers/landing_controller.rb": {
        "lines": [
          1,
          1,
          5,
          null,
          null,
          null,
          null,
          null
        ]
      },
      "/home/priyanka/Downloads/Kiran/movie_ticket_booking_system/app/controllers/movies_controller.rb": {
        "lines": [
          1,
          1,
          1,
          null,
          1,
          7,
          7,
          1,
          1,
          null,
          6,
          6,
          null,
          null,
          null,
          1,
          1,
          null,
          null,
          1,
          0,
          0,
          0,
          null,
          0,
          0,
          null,
          null,
          null,
          1,
          0,
          0,
          0,
          null,
          null,
          1,
          null,
          1,
          7,
          null,
          null,
          1,
          0,
          null,
          null,
          1,
          14,
          null,
          null
        ]
      }
    },
    "timestamp": 1617016615
  }
}
